Build started 2016-11-19 오후 2:00:52.
     1>Project "c:\Users\수영\documents\visual studio 2013\Projects\tracking_face\tracking_face\tracking_face.vcxproj" on node 2 (Build target(s)).
     1>ClCompile:
         C:\Program Files (x86)\Microsoft Visual Studio 12.0\VC\bin\x86_amd64\CL.exe /c /IC:\opencv\build\include /Zi /nologo /W3 /WX- /sdl /Od /D WIN32 /D _DEBUG /D _CONSOLE /D _LIB /D _UNICODE /D UNICODE /Gm /EHsc /RTC1 /MDd /GS /fp:precise /Zc:wchar_t /Zc:forScope /Fo"x64\Debug\\" /Fd"x64\Debug\vc120.pdb" /Gd /TP /errorReport:prompt ..\kalman_cv.cpp
         kalman_cv.cpp
     1>..\kalman_cv.cpp(42): warning C4305: '=' : truncation from 'double' to 'float'
     1>..\kalman_cv.cpp(43): warning C4305: '=' : truncation from 'double' to 'float'
     1>..\kalman_cv.cpp(46): warning C4305: '=' : truncation from 'double' to 'float'
     1>..\kalman_cv.cpp(47): warning C4305: '=' : truncation from 'double' to 'float'
     1>..\kalman_cv.cpp(61): warning C4244: '=' : conversion from 'double' to 'float', possible loss of data
     1>..\kalman_cv.cpp(62): warning C4244: '=' : conversion from 'double' to 'float', possible loss of data
     1>..\kalman_cv.cpp(71): warning C4244: '=' : conversion from 'float' to 'int', possible loss of data
     1>..\kalman_cv.cpp(72): warning C4244: '=' : conversion from 'float' to 'int', possible loss of data
     1>..\kalman_cv.cpp(73): warning C4244: '=' : conversion from 'float' to 'int', possible loss of data
     1>..\kalman_cv.cpp(74): warning C4244: '=' : conversion from 'float' to 'int', possible loss of data
     1>..\kalman_cv.cpp(77): warning C4244: '=' : conversion from 'float' to 'int', possible loss of data
     1>..\kalman_cv.cpp(78): warning C4244: '=' : conversion from 'float' to 'int', possible loss of data
     1>..\kalman_cv.cpp(86): warning C4244: '=' : conversion from 'int' to 'float', possible loss of data
     1>..\kalman_cv.cpp(87): warning C4244: '=' : conversion from 'int' to 'float', possible loss of data
       Link:
         C:\Program Files (x86)\Microsoft Visual Studio 12.0\VC\bin\x86_amd64\link.exe /ERRORREPORT:PROMPT /OUT:"c:\users\수영\documents\visual studio 2013\Projects\tracking_face\x64\Debug\tracking_face.exe" /INCREMENTAL /NOLOGO /LIBPATH:C:\opencv\build\x64\vc12\lib opencv_calib3d2413d.lib opencv_contrib2413d.lib opencv_core2413d.lib opencv_features2d2413d.lib opencv_flann2413d.lib opencv_gpu2413d.lib opencv_highgui2413d.lib opencv_imgproc2413d.lib opencv_legacy2413d.lib opencv_ml2413d.lib opencv_nonfree2413d.lib opencv_objdetect2413d.lib opencv_ocl2413d.lib opencv_photo2413d.lib opencv_stitching2413d.lib opencv_superres2413d.lib opencv_ts2413d.lib opencv_video2413d.lib opencv_videostab2413d.lib kernel32.lib user32.lib gdi32.lib winspool.lib comdlg32.lib advapi32.lib shell32.lib ole32.lib oleaut32.lib uuid.lib odbc32.lib odbccp32.lib /MANIFEST /MANIFESTUAC:"level='asInvoker' uiAccess='false'" /manifest:embed /DEBUG /PDB:"c:\users\수영\documents\visual studio 2013\Projects\tracking_face\x64\Debug\tracking_face.pdb" /SUBSYSTEM:CONSOLE /TLBID:1 /DYNAMICBASE /NXCOMPAT /IMPLIB:"c:\users\수영\documents\visual studio 2013\Projects\tracking_face\x64\Debug\tracking_face.lib" /MACHINE:X64 x64\Debug\kalman_cv.obj
         x64\Debug\main.obj
         x64\Debug\SW_detection.obj
         tracking_face.vcxproj -> c:\users\수영\documents\visual studio 2013\Projects\tracking_face\x64\Debug\tracking_face.exe
     1>Done Building Project "c:\Users\수영\documents\visual studio 2013\Projects\tracking_face\tracking_face\tracking_face.vcxproj" (Build target(s)).

Build succeeded.

Time Elapsed 00:00:01.23
